INFO : Sending "stop" signal to "PPLpr8"... 
INFO : Signaling Process "Internal Dynamic Process" to stop (3 of 3)...
INFO : Signaling Process "Error" to stop (2 of 3)...
INFO : Signaling Process "Main process" to stop (1 of 3)...
DEBUG: There are 0 replicated processes still running...
INFO : All Processes have terminated.
INFO : All helper services have stopped.
INFO : Service has stopped
STOP : 2017/05/08 13:04:01
=======================================================================

=======================================================================
START: 2017/05/08 13:04:01
INFO : PlanetPress Workflow Version 8.6.1.11588
INFO : Host: OLCA1-GREGOIRR1; User: gregoirr
INFO : Serial number: CA65D-511738-8419; Activation code: 0264-511738-4353-2923-A8BE-E98C
INFO : Service has started

INFO : Sending "stop" signal to "HTTP8"... 
INFO : Signaling Process "Internal Dynamic Process" to stop (5 of 5)...
INFO : Signaling Process "index" to stop (4 of 5)...
INFO : Signaling Process "printer" to stop (3 of 5)...
INFO : Signaling Process "get" to stop (2 of 5)...
INFO : Signaling Process "submit" to stop (1 of 5)...
DEBUG: There are 0 replicated processes still running...
INFO : All Processes have terminated.
INFO : All helper services have stopped.
INFO : Service has stopped
STOP : 2017/05/08 13:04:56
=======================================================================

=======================================================================
START: 2017/05/08 13:05:10
INFO : PlanetPress Workflow Version 8.6.1.11588
INFO : Host: OLCA1-GREGOIRR1; User: gregoirr
INFO : Serial number: CA65D-511738-8419; Activation code: 0264-511738-4353-2923-A8BE-E98C
INFO : Starting helper "HTTP8"...
INFO : Service has started

------------------------------------------------------------------------
WPROC: index (thread id: 11788) - 13:05:19

INFO : 13:05:19.421 First execution: processing file.
INFO : 13:05:19.430 File captured : C:\ProgramData\Objectif Lune\PlanetPress Workflow 8\PlanetPress Watch\Spool\3.tmp\job00ZXOXN8A52NI1BED9C8F5.dat, size: 861 bytes
INFO : 13:05:19.430 Plugin Entrée de serveur HTTP completed successfully - 13:05:19 (elapsed time: 00:00:00:009)

ERROR: 13:05:19.438 W3001 : Error while executing plugin: Error resolving data selection: Erreur de chargement du fichier de métadonnées : Fichier introuvable
ERROR: 13:05:19.438 Créer du contenu Web: W1603 : Plugin failed - 13:05:19 (elapsed time: 00:00:00:008)

INFO : 13:05:19.438 Deleting file : job00ZXOXN8A52NI1BED9C8F5.dat, size: 861 bytes
INFO : 13:05:19.438 Plugin Supprimer completed successfully - 13:05:19 (elapsed time: 00:00:00:000)

INFO : 13:05:19.438 Second execution.
INFO : 13:05:19.445 File sent to HTTP Server : C:\ProgramData\Objectif Lune\PlanetPress Workflow 8\PlanetPress Watch\http\index\STemp00ZXOXN8A8PX601ED9C904.txt, size: 861 bytes
INFO : 13:05:19.445 Plugin response Entrée de serveur HTTP completed successfully - 13:05:19 (elapsed time: 00:00:00:024)

WPROC: index (thread id: 11788) complete - 13:05:19 (elapsed time: 00:00:00:024)

INFO : Sending "stop" signal to "HTTP8"... 
INFO : Signaling Process "Internal Dynamic Process" to stop (5 of 5)...
INFO : Signaling Process "index" to stop (4 of 5)...
INFO : Signaling Process "printer" to stop (3 of 5)...
INFO : Signaling Process "get" to stop (2 of 5)...
INFO : Signaling Process "submit" to stop (1 of 5)...
DEBUG: There are 0 replicated processes still running...
INFO : All Processes have terminated.
INFO : All helper services have stopped.
INFO : Service has stopped
STOP : 2017/05/08 13:05:36
=======================================================================

=======================================================================
START: 2017/05/08 13:05:37
INFO : PlanetPress Workflow Version 8.6.1.11588
INFO : Host: OLCA1-GREGOIRR1; User: gregoirr
INFO : Serial number: CA65D-511738-8419; Activation code: 0264-511738-4353-2923-A8BE-E98C
INFO : Starting helper "HTTP8"...
INFO : Service has started

INFO : Sending "stop" signal to "HTTP8"... 
INFO : Signaling Process "Internal Dynamic Process" to stop (5 of 5)...
INFO : Signaling Process "index" to stop (4 of 5)...
INFO : Signaling Process "printer" to stop (3 of 5)...
INFO : Signaling Process "get" to stop (2 of 5)...
INFO : Signaling Process "submit" to stop (1 of 5)...
DEBUG: There are 0 replicated processes still running...
INFO : All Processes have terminated.
INFO : All helper services have stopped.
INFO : Service has stopped
STOP : 2017/05/08 13:09:50
=======================================================================

=======================================================================
START: 2017/05/08 13:09:51
INFO : PlanetPress Workflow Version 8.6.1.11588
INFO : Host: OLCA1-GREGOIRR1; User: gregoirr
INFO : Serial number: CA65D-511738-8419; Activation code: 0264-511738-4353-2923-A8BE-E98C
INFO : Starting helper "HTTP8"...
INFO : Service has started

------------------------------------------------------------------------
WPROC: index (thread id: 12148) - 13:17:59

INFO : 13:17:59.660 First execution: processing file.
INFO : 13:17:59.671 File captured : C:\ProgramData\Objectif Lune\PlanetPress Workflow 8\PlanetPress Watch\Spool\3.tmp\job00ZXOXQQ0ESIDECEE5629F.dat, size: 861 bytes
INFO : 13:17:59.671 Plugin Entrée de serveur HTTP completed successfully - 13:17:59 (elapsed time: 00:00:00:011)

WARN : 13:17:59.681 Cached version not available, attempting to upload file.
INFO : 13:18:15.314 Content created from template and record
INFO : 13:18:15.322 Plugin Créer du contenu Web completed successfully - 13:18:15 (elapsed time: 00:00:15:651)

INFO : 13:18:15.322 Deleting file : job00ZXOXQQ0ESIDECEE5629F.dat, size: 2977 bytes
INFO : 13:18:15.322 Plugin Supprimer completed successfully - 13:18:15 (elapsed time: 00:00:00:000)

INFO : 13:18:15.322 Second execution.
INFO : 13:18:15.333 File sent to HTTP Server : C:\ProgramData\Objectif Lune\PlanetPress Workflow 8\PlanetPress Watch\http\index\STemp00ZXOXQSLNM6C01EE59FC7.txt, size: 2977 bytes
INFO : 13:18:15.333 Plugin response Entrée de serveur HTTP completed successfully - 13:18:15 (elapsed time: 00:00:15:673)

WPROC: index (thread id: 12148) complete - 13:18:15 (elapsed time: 00:00:15:674)

------------------------------------------------------------------------
WPROC: index (thread id: 12148) - 13:18:23

INFO : 13:18:23.343 First execution: processing file.
INFO : 13:18:23.348 File captured : C:\ProgramData\Objectif Lune\PlanetPress Workflow 8\PlanetPress Watch\Spool\3.tmp\job00ZXOXQTXEQLS0AEE5BF17.dat, size: 759 bytes
INFO : 13:18:23.348 Plugin Entrée de serveur HTTP completed successfully - 13:18:23 (elapsed time: 00:00:00:005)

INFO : 13:18:23.397 Content created from template and record
INFO : 13:18:23.403 Plugin Créer du contenu Web completed successfully - 13:18:23 (elapsed time: 00:00:00:055)

INFO : 13:18:23.404 Deleting file : job00ZXOXQTXEQLS0AEE5BF17.dat, size: 2977 bytes
INFO : 13:18:23.404 Plugin Supprimer completed successfully - 13:18:23 (elapsed time: 00:00:00:001)

INFO : 13:18:23.404 Second execution.
INFO : 13:18:23.412 File sent to HTTP Server : C:\ProgramData\Objectif Lune\PlanetPress Workflow 8\PlanetPress Watch\http\index\STemp00ZXOXQTXRTM702EE5BF56.txt, size: 2977 bytes
INFO : 13:18:23.412 Plugin response Entrée de serveur HTTP completed successfully - 13:18:23 (elapsed time: 00:00:00:069)

WPROC: index (thread id: 12148) complete - 13:18:23 (elapsed time: 00:00:00:069)

------------------------------------------------------------------------
WPROC: index (thread id: 12148) - 13:18:35

INFO : 13:18:35.423 First execution: processing file.
INFO : 13:18:35.428 File captured : C:\ProgramData\Objectif Lune\PlanetPress Workflow 8\PlanetPress Watch\Spool\3.tmp\job00ZXOXQVXC1GE1DEE5EE45.dat, size: 963 bytes
INFO : 13:18:35.428 Plugin Entrée de serveur HTTP completed successfully - 13:18:35 (elapsed time: 00:00:00:005)

INFO : 13:18:35.472 Content created from template and record
INFO : 13:18:35.478 Plugin Créer du contenu Web completed successfully - 13:18:35 (elapsed time: 00:00:00:050)

INFO : 13:18:35.478 Deleting file : job00ZXOXQVXC1GE1DEE5EE45.dat, size: 2977 bytes
INFO : 13:18:35.478 Plugin Supprimer completed successfully - 13:18:35 (elapsed time: 00:00:00:000)

INFO : 13:18:35.478 Second execution.
INFO : 13:18:35.487 File sent to HTTP Server : C:\ProgramData\Objectif Lune\PlanetPress Workflow 8\PlanetPress Watch\http\index\STemp00ZXOXQVXNU5603EE5EE84.txt, size: 2977 bytes
INFO : 13:18:35.487 Plugin response Entrée de serveur HTTP completed successfully - 13:18:35 (elapsed time: 00:00:00:064)

WPROC: index (thread id: 12148) complete - 13:18:35 (elapsed time: 00:00:00:065)

INFO : Sending "stop" signal to "HTTP8"... 
INFO : Signaling Process "Internal Dynamic Process" to stop (6 of 6)...
INFO : Signaling Process "upload" to stop (5 of 6)...
INFO : Signaling Process "index" to stop (4 of 6)...
INFO : Signaling Process "printer" to stop (3 of 6)...
INFO : Signaling Process "get" to stop (2 of 6)...
INFO : Signaling Process "submit" to stop (1 of 6)...
DEBUG: There are 0 replicated processes still running...
INFO : All Processes have terminated.
INFO : All helper services have stopped.
INFO : Service has stopped
STOP : 2017/05/08 13:19:01
=======================================================================

=======================================================================
START: 2017/05/08 13:19:01
INFO : PlanetPress Workflow Version 8.6.1.11588
INFO : Host: OLCA1-GREGOIRR1; User: gregoirr
INFO : Serial number: CA65D-511738-8419; Activation code: 0264-511738-4353-2923-A8BE-E98C
INFO : Starting helper "HTTP8"...
INFO : Service has started

------------------------------------------------------------------------
WPROC: index (thread id: 5140) - 13:19:19

INFO : 13:19:19.083 First execution: processing file.
INFO : 13:19:19.092 File captured : C:\ProgramData\Objectif Lune\PlanetPress Workflow 8\PlanetPress Watch\Spool\3.tmp\job00ZXOXR359Y2Q27EE698DD.dat, size: 963 bytes
INFO : 13:19:19.092 Plugin Entrée de serveur HTTP completed successfully - 13:19:19 (elapsed time: 00:00:00:009)

WARN : 13:19:19.099 Cached version not available, attempting to upload file.
INFO : 13:19:21.362 Content created from template and record
INFO : 13:19:21.367 Plugin Créer du contenu Web completed successfully - 13:19:21 (elapsed time: 00:00:02:275)

INFO : 13:19:21.368 Deleting file : job00ZXOXR359Y2Q27EE698DD.dat, size: 755724 bytes
INFO : 13:19:21.368 Plugin Supprimer completed successfully - 13:19:21 (elapsed time: 00:00:00:001)

INFO : 13:19:21.368 Second execution.
INFO : 13:19:21.380 File sent to HTTP Server : C:\ProgramData\Objectif Lune\PlanetPress Workflow 8\PlanetPress Watch\http\index\STemp00ZXOXR3IVJFB01EE6A1C6.txt, size: 755724 bytes
INFO : 13:19:21.380 Plugin response Entrée de serveur HTTP completed successfully - 13:19:21 (elapsed time: 00:00:02:297)

WPROC: index (thread id: 5140) complete - 13:19:21 (elapsed time: 00:00:02:298)

------------------------------------------------------------------------
WPROC: index (thread id: 5140) - 13:21:57

INFO : 13:21:57.441 First execution: processing file.
INFO : 13:21:57.446 File captured : C:\ProgramData\Objectif Lune\PlanetPress Workflow 8\PlanetPress Watch\Spool\3.tmp\job00ZXOXRTC3CTP15EE90365.dat, size: 963 bytes
INFO : 13:21:57.446 Plugin Entrée de serveur HTTP completed successfully - 13:21:57 (elapsed time: 00:00:00:005)

WARN : 13:21:57.447 Cached version not available, attempting to upload file.
INFO : 13:21:58.328 Content created from template and record
INFO : 13:21:58.332 Plugin Créer du contenu Web completed successfully - 13:21:58 (elapsed time: 00:00:00:886)

INFO : 13:21:58.333 Deleting file : job00ZXOXRTC3CTP15EE90365.dat, size: 755850 bytes
INFO : 13:21:58.333 Plugin Supprimer completed successfully - 13:21:58 (elapsed time: 00:00:00:001)

INFO : 13:21:58.333 Second execution.
INFO : 13:21:58.341 File sent to HTTP Server : C:\ProgramData\Objectif Lune\PlanetPress Workflow 8\PlanetPress Watch\http\index\STemp00ZXOXRTHEOGY02EE906EF.txt, size: 755850 bytes
INFO : 13:21:58.341 Plugin response Entrée de serveur HTTP completed successfully - 13:21:58 (elapsed time: 00:00:00:900)

WPROC: index (thread id: 5140) complete - 13:21:58 (elapsed time: 00:00:00:901)

INFO : Sending "stop" signal to "HTTP8"... 
INFO : Signaling Process "Internal Dynamic Process" to stop (6 of 6)...
INFO : Signaling Process "upload" to stop (5 of 6)...
INFO : Signaling Process "index" to stop (4 of 6)...
INFO : Signaling Process "printer" to stop (3 of 6)...
INFO : Signaling Process "get" to stop (2 of 6)...
INFO : Signaling Process "submit" to stop (1 of 6)...
DEBUG: There are 0 replicated processes still running...
INFO : All Processes have terminated.
INFO : All helper services have stopped.
INFO : Service has stopped
STOP : 2017/05/08 13:23:14
=======================================================================

=======================================================================
START: 2017/05/08 13:23:14
INFO : PlanetPress Workflow Version 8.6.1.11588
INFO : Host: OLCA1-GREGOIRR1; User: gregoirr
INFO : Serial number: CA65D-511738-8419; Activation code: 0264-511738-4353-2923-A8BE-E98C
INFO : Starting helper "HTTP8"...
INFO : Service has started

------------------------------------------------------------------------
WPROC: index (thread id: 5736) - 13:23:23

INFO : 13:23:23.828 First execution: processing file.
INFO : 13:23:23.841 File captured : C:\ProgramData\Objectif Lune\PlanetPress Workflow 8\PlanetPress Watch\Spool\3.tmp\job00ZXOXS7MFA7K1CEEA54DB.dat, size: 963 bytes
INFO : 13:23:23.841 Plugin Entrée de serveur HTTP completed successfully - 13:23:23 (elapsed time: 00:00:00:013)

INFO : 13:23:23.852 Plugin Créer des métadonnées completed successfully - 13:23:23 (elapsed time: 00:00:00:011)

ERROR: 13:23:23.856 W3001 : Error while executing plugin: W4204 - Record ID  is invalid or empty
ERROR: 13:23:23.856 Créer du contenu Web: W1603 : Plugin failed - 13:23:23 (elapsed time: 00:00:00:004)

INFO : 13:23:23.856 Deleting file : job00ZXOXS7MFA7K1CEEA54DB.dat, size: 963 bytes
INFO : 13:23:23.856 Plugin Supprimer completed successfully - 13:23:23 (elapsed time: 00:00:00:000)

INFO : 13:23:23.856 Second execution.
INFO : 13:23:23.865 File sent to HTTP Server : C:\ProgramData\Objectif Lune\PlanetPress Workflow 8\PlanetPress Watch\http\index\STemp00ZXOXS7MLAET01EEA54FB.txt, size: 963 bytes
INFO : 13:23:23.865 Plugin response Entrée de serveur HTTP completed successfully - 13:23:23 (elapsed time: 00:00:00:037)

WPROC: index (thread id: 5736) complete - 13:23:23 (elapsed time: 00:00:00:037)

INFO : Sending "stop" signal to "HTTP8"... 
INFO : Signaling Process "Internal Dynamic Process" to stop (6 of 6)...
INFO : Signaling Process "upload" to stop (5 of 6)...
INFO : Signaling Process "index" to stop (4 of 6)...
INFO : Signaling Process "printer" to stop (3 of 6)...
INFO : Signaling Process "get" to stop (2 of 6)...
INFO : Signaling Process "submit" to stop (1 of 6)...
DEBUG: There are 0 replicated processes still running...
INFO : All Processes have terminated.
INFO : All helper services have stopped.
INFO : Service has stopped
STOP : 2017/05/08 13:26:40
=======================================================================

=======================================================================
START: 2017/05/08 13:26:41
INFO : PlanetPress Workflow Version 8.6.1.11588
INFO : Host: OLCA1-GREGOIRR1; User: gregoirr
INFO : Serial number: CA65D-511738-8419; Activation code: 0264-511738-4353-2923-A8BE-E98C
INFO : Starting helper "HTTP8"...
INFO : Service has started

------------------------------------------------------------------------
WPROC: index (thread id: 11468) - 13:26:50

INFO : 13:26:50.228 First execution: processing file.
INFO : 13:26:50.237 File captured : C:\ProgramData\Objectif Lune\PlanetPress Workflow 8\PlanetPress Watch\Spool\3.tmp\job00ZXOXT5R9X651BEED7B22.dat, size: 963 bytes
INFO : 13:26:50.237 Plugin Entrée de serveur HTTP completed successfully - 13:26:50 (elapsed time: 00:00:00:009)

INFO : 13:26:50.239 Sending file data source...
INFO : 13:26:50.252 Sending data mapping command...
WARN : 13:26:50.254 Cached version not available, attempting to upload file.
INFO : 13:26:54.603 Plugin Exécuter mappage des données completed successfully - 13:26:54 (elapsed time: 00:00:04:366)

WARN : 13:26:54.607 Cached version not available, attempting to upload file.
INFO : 13:26:54.978 Content created from template and record
INFO : 13:26:54.984 Plugin Créer du contenu Web completed successfully - 13:26:54 (elapsed time: 00:00:00:381)

INFO : 13:26:54.984 Deleting file : job00ZXOXT5R9X651BEED7B22.dat, size: 2982 bytes
INFO : 13:26:54.984 Plugin Supprimer completed successfully - 13:26:54 (elapsed time: 00:00:00:000)

INFO : 13:26:54.984 Second execution.
INFO : 13:26:54.992 File sent to HTTP Server : C:\ProgramData\Objectif Lune\PlanetPress Workflow 8\PlanetPress Watch\http\index\STemp00ZXOXT6JLC3C01EED8DB0.txt, size: 2982 bytes
INFO : 13:26:54.992 Plugin response Entrée de serveur HTTP completed successfully - 13:26:54 (elapsed time: 00:00:04:764)

WPROC: index (thread id: 11468) complete - 13:26:54 (elapsed time: 00:00:04:764)

------------------------------------------------------------------------
WPROC: index (thread id: 11468) - 13:26:54

INFO : 13:26:54.999 First execution: processing file.
INFO : 13:26:55.006 File captured : C:\ProgramData\Objectif Lune\PlanetPress Workflow 8\PlanetPress Watch\Spool\3.tmp\job00ZXOXT6JOJX524EED8DBF.dat, size: 963 bytes
INFO : 13:26:55.006 Plugin Entrée de serveur HTTP completed successfully - 13:26:55 (elapsed time: 00:00:00:007)

INFO : 13:26:55.009 Sending file data source...
INFO : 13:26:55.018 Sending data mapping command...
INFO : 13:26:55.290 Plugin Exécuter mappage des données completed successfully - 13:26:55 (elapsed time: 00:00:00:284)

INFO : 13:26:55.355 Content created from template and record
INFO : 13:26:55.363 Plugin Créer du contenu Web completed successfully - 13:26:55 (elapsed time: 00:00:00:073)

INFO : 13:26:55.363 Deleting file : job00ZXOXT6JOJX524EED8DBF.dat, size: 2982 bytes
INFO : 13:26:55.363 Plugin Supprimer completed successfully - 13:26:55 (elapsed time: 00:00:00:000)

INFO : 13:26:55.363 Second execution.
INFO : 13:26:55.374 File sent to HTTP Server : C:\ProgramData\Objectif Lune\PlanetPress Workflow 8\PlanetPress Watch\http\index\STemp00ZXOXT6LUEUY02EED8F27.txt, size: 2982 bytes
INFO : 13:26:55.374 Plugin response Entrée de serveur HTTP completed successfully - 13:26:55 (elapsed time: 00:00:00:375)

WPROC: index (thread id: 11468) complete - 13:26:55 (elapsed time: 00:00:00:375)

INFO : Sending "stop" signal to "HTTP8"... 
INFO : Signaling Process "Internal Dynamic Process" to stop (6 of 6)...
INFO : Signaling Process "upload" to stop (5 of 6)...
INFO : Signaling Process "index" to stop (4 of 6)...
INFO : Signaling Process "printer" to stop (3 of 6)...
INFO : Signaling Process "get" to stop (2 of 6)...
INFO : Signaling Process "submit" to stop (1 of 6)...
DEBUG: There are 0 replicated processes still running...
INFO : All Processes have terminated.
INFO : All helper services have stopped.
INFO : Service has stopped
STOP : 2017/05/08 13:27:22
=======================================================================

=======================================================================
START: 2017/05/08 13:27:22
INFO : PlanetPress Workflow Version 8.6.1.11588
INFO : Host: OLCA1-GREGOIRR1; User: gregoirr
INFO : Serial number: CA65D-511738-8419; Activation code: 0264-511738-4353-2923-A8BE-E98C
INFO : Starting helper "HTTP8"...
INFO : Service has started

------------------------------------------------------------------------
WPROC: index (thread id: 5324) - 13:27:35

INFO : 13:27:35.867 First execution: processing file.
INFO : 13:27:35.879 File captured : C:\ProgramData\Objectif Lune\PlanetPress Workflow 8\PlanetPress Watch\Spool\3.tmp\job00ZXOXTDAZETA22EEE2D6A.dat, size: 963 bytes
INFO : 13:27:35.879 Plugin Entrée de serveur HTTP completed successfully - 13:27:35 (elapsed time: 00:00:00:012)

INFO : 13:27:35.882 Sending file data source...
INFO : 13:27:35.898 Sending data mapping command...
WARN : 13:27:35.900 Cached version not available, attempting to upload file.
INFO : 13:27:36.276 Plugin Exécuter mappage des données completed successfully - 13:27:36 (elapsed time: 00:00:00:397)

WARN : 13:27:36.281 Cached version not available, attempting to upload file.
INFO : 13:27:36.752 Content created from template and record
INFO : 13:27:36.762 Plugin Créer du contenu Web completed successfully - 13:27:36 (elapsed time: 00:00:00:486)

INFO : 13:27:36.762 Deleting file : job00ZXOXTDAZETA22EEE2D6A.dat, size: 2982 bytes
INFO : 13:27:36.762 Plugin Supprimer completed successfully - 13:27:36 (elapsed time: 00:00:00:000)

INFO : 13:27:36.762 Second execution.
INFO : 13:27:36.774 File sent to HTTP Server : C:\ProgramData\Objectif Lune\PlanetPress Workflow 8\PlanetPress Watch\http\index\STemp00ZXOXTDGBTMM01EEE30E5.txt, size: 2982 bytes
INFO : 13:27:36.774 Plugin response Entrée de serveur HTTP completed successfully - 13:27:36 (elapsed time: 00:00:00:907)

WPROC: index (thread id: 5324) complete - 13:27:36 (elapsed time: 00:00:00:909)

------------------------------------------------------------------------
WPROC: index (thread id: 5324) - 13:27:48

INFO : 13:27:48.786 First execution: processing file.
INFO : 13:27:48.791 File captured : C:\ProgramData\Objectif Lune\PlanetPress Workflow 8\PlanetPress Watch\Spool\3.tmp\job00ZXOXTFFWW6637EEE5FD5.dat, size: 963 bytes
INFO : 13:27:48.791 Plugin Entrée de serveur HTTP completed successfully - 13:27:48 (elapsed time: 00:00:00:005)

INFO : 13:27:48.792 Sending file data source...
INFO : 13:27:48.800 Sending data mapping command...
INFO : 13:27:48.981 Plugin Exécuter mappage des données completed successfully - 13:27:48 (elapsed time: 00:00:00:190)

INFO : 13:27:49.047 Content created from template and record
INFO : 13:27:49.055 Plugin Créer du contenu Web completed successfully - 13:27:49 (elapsed time: 00:00:00:074)

INFO : 13:27:49.055 Deleting file : job00ZXOXTFFWW6637EEE5FD5.dat, size: 2982 bytes
INFO : 13:27:49.055 Plugin Supprimer completed successfully - 13:27:49 (elapsed time: 00:00:00:000)

INFO : 13:27:49.055 Second execution.
INFO : 13:27:49.064 File sent to HTTP Server : C:\ProgramData\Objectif Lune\PlanetPress Workflow 8\PlanetPress Watch\http\index\STemp00ZXOXTFHIL9N02EEE60EE.txt, size: 2982 bytes
INFO : 13:27:49.064 Plugin response Entrée de serveur HTTP completed successfully - 13:27:49 (elapsed time: 00:00:00:278)

WPROC: index (thread id: 5324) complete - 13:27:49 (elapsed time: 00:00:00:278)

INFO : Sending "stop" signal to "HTTP8"... 
INFO : Signaling Process "Internal Dynamic Process" to stop (6 of 6)...
INFO : Signaling Process "upload" to stop (5 of 6)...
INFO : Signaling Process "index" to stop (4 of 6)...
INFO : Signaling Process "printer" to stop (3 of 6)...
INFO : Signaling Process "get" to stop (2 of 6)...
INFO : Signaling Process "submit" to stop (1 of 6)...
DEBUG: There are 0 replicated processes still running...
INFO : All Processes have terminated.
INFO : All helper services have stopped.
INFO : Service has stopped
STOP : 2017/05/08 13:28:19
=======================================================================

=======================================================================
START: 2017/05/08 13:28:20
INFO : PlanetPress Workflow Version 8.6.1.11588
INFO : Host: OLCA1-GREGOIRR1; User: gregoirr
INFO : Serial number: CA65D-511738-8419; Activation code: 0264-511738-4353-2923-A8BE-E98C
INFO : Starting helper "HTTP8"...
INFO : Service has started

------------------------------------------------------------------------
WPROC: index (thread id: 11648) - 13:28:30

INFO : 13:28:30.258 First execution: processing file.
INFO : 13:28:30.266 File captured : C:\ProgramData\Objectif Lune\PlanetPress Workflow 8\PlanetPress Watch\Spool\3.tmp\job00ZXOXTMATPP61CEEF01E1.dat, size: 981 bytes
INFO : 13:28:30.266 Plugin Entrée de serveur HTTP completed successfully - 13:28:30 (elapsed time: 00:00:00:008)

INFO : 13:28:30.268 Sending file data source...
INFO : 13:28:30.278 Sending data mapping command...
WARN : 13:28:30.279 Cached version not available, attempting to upload file.
INFO : 13:28:30.492 Plugin Exécuter mappage des données completed successfully - 13:28:30 (elapsed time: 00:00:00:226)

WARN : 13:28:30.496 Cached version not available, attempting to upload file.
INFO : 13:28:30.947 Content created from template and record
INFO : 13:28:30.956 Plugin Créer du contenu Web completed successfully - 13:28:30 (elapsed time: 00:00:00:464)

INFO : 13:28:30.956 Deleting file : job00ZXOXTMATPP61CEEF01E1.dat, size: 2982 bytes
INFO : 13:28:30.956 Plugin Supprimer completed successfully - 13:28:30 (elapsed time: 00:00:00:000)

INFO : 13:28:30.956 Second execution.
INFO : 13:28:30.967 File sent to HTTP Server : C:\ProgramData\Objectif Lune\PlanetPress Workflow 8\PlanetPress Watch\http\index\STemp00ZXOXTMEZFQ801EEF0490.txt, size: 2982 bytes
INFO : 13:28:30.967 Plugin response Entrée de serveur HTTP completed successfully - 13:28:30 (elapsed time: 00:00:00:709)

WPROC: index (thread id: 11648) complete - 13:28:30 (elapsed time: 00:00:00:709)

INFO : Sending "stop" signal to "HTTP8"... 
INFO : Signaling Process "Internal Dynamic Process" to stop (6 of 6)...
INFO : Signaling Process "upload" to stop (5 of 6)...
INFO : Signaling Process "index" to stop (4 of 6)...
INFO : Signaling Process "printer" to stop (3 of 6)...
INFO : Signaling Process "get" to stop (2 of 6)...
INFO : Signaling Process "submit" to stop (1 of 6)...
DEBUG: There are 0 replicated processes still running...
INFO : All Processes have terminated.
INFO : Waiting for "HTTP8" to stop... 
INFO : All helper services have stopped.
INFO : Service has stopped
STOP : 2017/05/08 13:32:33
=======================================================================

=======================================================================
START: 2017/05/08 13:32:33
INFO : PlanetPress Workflow Version 8.6.1.11588
INFO : Host: OLCA1-GREGOIRR1; User: gregoirr
INFO : Serial number: CA65D-511738-8419; Activation code: 0264-511738-4353-2923-A8BE-E98C
INFO : Starting helper "HTTP8"...
INFO : Service has started

------------------------------------------------------------------------
WPROC: index (thread id: 10284) - 13:32:43

INFO : 13:32:43.072 First execution: processing file.
INFO : 13:32:43.080 File captured : C:\ProgramData\Objectif Lune\PlanetPress Workflow 8\PlanetPress Watch\Spool\3.tmp\job00ZXOXUS40J9V1DEF2DD6D.dat, size: 888 bytes
INFO : 13:32:43.080 Plugin Entrée de serveur HTTP completed successfully - 13:32:43 (elapsed time: 00:00:00:008)

INFO : 13:32:43.082 Sending file data source...
INFO : 13:32:43.095 Sending data mapping command...
WARN : 13:32:43.096 Cached version not available, attempting to upload file.
INFO : 13:32:43.287 Plugin Exécuter mappage des données completed successfully - 13:32:43 (elapsed time: 00:00:00:207)

WARN : 13:32:43.291 Cached version not available, attempting to upload file.
INFO : 13:32:43.795 Content created from template and record
INFO : 13:32:43.804 Plugin Créer du contenu Web completed successfully - 13:32:43 (elapsed time: 00:00:00:517)

INFO : 13:32:43.813 File processed : job00ZXOXUS40J9V1DEF2DD6D.dat, size: 2961 bytes
INFO : 13:32:43.813 Plugin Rechercher et remplacer completed successfully - 13:32:43 (elapsed time: 00:00:00:009)

INFO : 13:32:43.813 Deleting file : job00ZXOXUS40J9V1DEF2DD6D.dat, size: 2961 bytes
INFO : 13:32:43.813 Plugin Supprimer completed successfully - 13:32:43 (elapsed time: 00:00:00:000)

INFO : 13:32:43.813 Second execution.
INFO : 13:32:43.825 File sent to HTTP Server : C:\ProgramData\Objectif Lune\PlanetPress Workflow 8\PlanetPress Watch\http\index\STemp00ZXOXUS8FH3301EF2E04C.txt, size: 2961 bytes
INFO : 13:32:43.825 Plugin response Entrée de serveur HTTP completed successfully - 13:32:43 (elapsed time: 00:00:00:753)

WPROC: index (thread id: 10284) complete - 13:32:43 (elapsed time: 00:00:00:753)

INFO : Sending "stop" signal to "HTTP8"... 
INFO : Signaling Process "Internal Dynamic Process" to stop (6 of 6)...
INFO : Signaling Process "upload" to stop (5 of 6)...
INFO : Signaling Process "index" to stop (4 of 6)...
INFO : Signaling Process "printer" to stop (3 of 6)...
INFO : Signaling Process "get" to stop (2 of 6)...
INFO : Signaling Process "submit" to stop (1 of 6)...
DEBUG: There are 0 replicated processes still running...
INFO : All Processes have terminated.
INFO : Waiting for "HTTP8" to stop... 
INFO : Waiting for "HTTP8" to stop... 
INFO : Waiting for "HTTP8" to stop... 
INFO : All helper services have stopped.
INFO : Service has stopped
STOP : 2017/05/08 13:33:29
=======================================================================

=======================================================================
START: 2017/05/08 13:33:31
INFO : PlanetPress Workflow Version 8.6.1.11588
INFO : Host: OLCA1-GREGOIRR1; User: gregoirr
INFO : Serial number: CA65D-511738-8419; Activation code: 0264-511738-4353-2923-A8BE-E98C
INFO : Starting helper "HTTP8"...
INFO : Service has started

------------------------------------------------------------------------
WPROC: index (thread id: 3432) - 13:33:37

INFO : 13:33:37.365 First execution: processing file.
INFO : 13:33:37.374 File captured : C:\ProgramData\Objectif Lune\PlanetPress Workflow 8\PlanetPress Watch\Spool\3.tmp\job00ZXOXV139EYI16EF3B177.dat, size: 888 bytes
INFO : 13:33:37.374 Plugin Entrée de serveur HTTP completed successfully - 13:33:37 (elapsed time: 00:00:00:009)

INFO : 13:33:37.376 Sending file data source...
INFO : 13:33:37.387 Sending data mapping command...
WARN : 13:33:37.389 Cached version not available, attempting to upload file.
INFO : 13:33:37.618 Plugin Exécuter mappage des données completed successfully - 13:33:37 (elapsed time: 00:00:00:244)

WARN : 13:33:37.622 Cached version not available, attempting to upload file.
INFO : 13:33:37.995 Content created from template and record
INFO : 13:33:38.002 Plugin Créer du contenu Web completed successfully - 13:33:38 (elapsed time: 00:00:00:384)

INFO : 13:33:38.008 File processed : job00ZXOXV139EYI16EF3B177.dat, size: 2966 bytes
INFO : 13:33:38.009 Plugin Rechercher et remplacer completed successfully - 13:33:38 (elapsed time: 00:00:00:007)

INFO : 13:33:38.009 Deleting file : job00ZXOXV139EYI16EF3B177.dat, size: 2966 bytes
INFO : 13:33:38.009 Plugin Supprimer completed successfully - 13:33:38 (elapsed time: 00:00:00:000)

INFO : 13:33:38.009 Second execution.
INFO : 13:33:38.017 File sent to HTTP Server : C:\ProgramData\Objectif Lune\PlanetPress Workflow 8\PlanetPress Watch\http\index\STemp00ZXOXV173JNI01EF3B407.txt, size: 2966 bytes
INFO : 13:33:38.017 Plugin response Entrée de serveur HTTP completed successfully - 13:33:38 (elapsed time: 00:00:00:652)

WPROC: index (thread id: 3432) complete - 13:33:38 (elapsed time: 00:00:00:653)

------------------------------------------------------------------------
WPROC: get (thread id: 2452) - 13:38:25

INFO : 13:38:25.445 First execution: processing file.
INFO : 13:38:25.450 File captured : C:\ProgramData\Objectif Lune\PlanetPress Workflow 8\PlanetPress Watch\Spool\1.tmp\job00ZXOXWCQF0W8C5EF816C5.dat, size: 911 bytes
INFO : 13:38:25.458 Plugin Entrée de serveur HTTP completed successfully - 13:38:25 (elapsed time: 00:00:00:013)

INFO : 13:38:25.458 Deleting file : job00ZXOXWCQF0W8C5EF816C5.dat, size: 911 bytes
INFO : 13:38:25.458 Plugin Supprimer completed successfully - 13:38:25 (elapsed time: 00:00:00:000)

INFO : 13:38:25.458 Plugin response Entrée de serveur HTTP completed successfully - 13:38:25 (elapsed time: 00:00:00:013)

WPROC: get (thread id: 2452) complete - 13:38:25 (elapsed time: 00:00:00:014)

------------------------------------------------------------------------
WPROC: get (thread id: 2452) - 13:39:05

INFO : 13:39:05.475 First execution: processing file.
INFO : 13:39:05.481 File captured : C:\ProgramData\Objectif Lune\PlanetPress Workflow 8\PlanetPress Watch\Spool\1.tmp\job00ZXOXWJCQSFK03EF8B324.dat, size: 956 bytes
INFO : 13:39:05.489 Plugin Entrée de serveur HTTP completed successfully - 13:39:05 (elapsed time: 00:00:00:014)

INFO : 13:39:05.489 Deleting file : job00ZXOXWJCQSFK03EF8B324.dat, size: 956 bytes
INFO : 13:39:05.489 Plugin Supprimer completed successfully - 13:39:05 (elapsed time: 00:00:00:000)

INFO : 13:39:05.489 Plugin response Entrée de serveur HTTP completed successfully - 13:39:05 (elapsed time: 00:00:00:014)

WPROC: get (thread id: 2452) complete - 13:39:05 (elapsed time: 00:00:00:014)

------------------------------------------------------------------------
WPROC: get (thread id: 2452) - 13:39:13

INFO : 13:39:13.501 First execution: processing file.
INFO : 13:39:13.505 File captured : C:\ProgramData\Objectif Lune\PlanetPress Workflow 8\PlanetPress Watch\Spool\1.tmp\job00ZXOXWKOIZGU10EF8D283.dat, size: 956 bytes
INFO : 13:39:13.512 Plugin Entrée de serveur HTTP completed successfully - 13:39:13 (elapsed time: 00:00:00:011)

INFO : 13:39:13.513 Deleting file : job00ZXOXWKOIZGU10EF8D283.dat, size: 956 bytes
INFO : 13:39:13.513 Plugin Supprimer completed successfully - 13:39:13 (elapsed time: 00:00:00:001)

INFO : 13:39:13.513 Plugin response Entrée de serveur HTTP completed successfully - 13:39:13 (elapsed time: 00:00:00:012)

WPROC: get (thread id: 2452) complete - 13:39:13 (elapsed time: 00:00:00:012)

------------------------------------------------------------------------
WPROC: upload (thread id: 1060) - 13:39:29

INFO : 13:39:29.461 First execution: processing file.
INFO : 13:39:29.469 File captured : C:\ProgramData\Objectif Lune\PlanetPress Workflow 8\PlanetPress Watch\Spool\4.tmp\job00ZXOXWNBJUVG27EF910D4.dat, size: 2332 bytes
INFO : 13:39:29.469 Plugin Entrée de serveur HTTP completed successfully - 13:39:29 (elapsed time: 00:00:00:008)

INFO : 13:39:29.471 File sent : c:\users\gregoirr\dev\upload\EF90981.req, size: 2332 bytes
INFO : 13:39:29.471 Plugin Envoi vers un dossier completed successfully - 13:39:29 (elapsed time: 00:00:00:002)

INFO : 13:39:29.482 Plugin Entrée de serveur HTTP completed successfully - 13:39:29 (elapsed time: 00:00:00:010)

INFO : 13:39:29.483 File sent : c:\users\gregoirr\dev\upload\console.hta, size: 651 bytes
INFO : 13:39:29.484 Plugin Envoi vers un dossier completed successfully - 13:39:29 (elapsed time: 00:00:00:001)

INFO : 13:39:29.484 Second execution.
INFO : 13:39:29.497 File sent to HTTP Server : C:\ProgramData\Objectif Lune\PlanetPress Workflow 8\PlanetPress Watch\http\upload\STemp00ZXOXWNBOSH605EF910F4.txt, size: 651 bytes
INFO : 13:39:29.497 Plugin response Entrée de serveur HTTP completed successfully - 13:39:29 (elapsed time: 00:00:00:025)

WPROC: upload (thread id: 1060) complete - 13:39:29 (elapsed time: 00:00:00:037)

------------------------------------------------------------------------
WPROC: get (thread id: 2452) - 13:40:45

INFO : 13:40:45.545 First execution: processing file.
INFO : 13:40:45.549 File captured : C:\ProgramData\Objectif Lune\PlanetPress Workflow 8\PlanetPress Watch\Spool\1.tmp\job00ZXOXWZWJEEG9EEFA3A12.dat, size: 938 bytes
INFO : 13:40:45.555 Plugin Entrée de serveur HTTP completed successfully - 13:40:45 (elapsed time: 00:00:00:010)

INFO : 13:40:45.555 Deleting file : job00ZXOXWZWJEEG9EEFA3A12.dat, size: 938 bytes
INFO : 13:40:45.555 Plugin Supprimer completed successfully - 13:40:45 (elapsed time: 00:00:00:000)

INFO : 13:40:45.555 Plugin response Entrée de serveur HTTP completed successfully - 13:40:45 (elapsed time: 00:00:00:010)

WPROC: get (thread id: 2452) complete - 13:40:45 (elapsed time: 00:00:00:011)

------------------------------------------------------------------------
WPROC: upload (thread id: 1060) - 13:40:53

INFO : 13:40:53.529 First execution: processing file.
INFO : 13:40:53.535 File captured : C:\ProgramData\Objectif Lune\PlanetPress Workflow 8\PlanetPress Watch\Spool\4.tmp\job00ZXOXX182KZIA9EFA5943.dat, size: 2332 bytes
INFO : 13:40:53.535 Plugin Entrée de serveur HTTP completed successfully - 13:40:53 (elapsed time: 00:00:00:006)

INFO : 13:40:53.536 File sent : c:\users\gregoirr\dev\upload\EFA5182.req, size: 2332 bytes
INFO : 13:40:53.536 Plugin Envoi vers un dossier completed successfully - 13:40:53 (elapsed time: 00:00:00:001)

INFO : 13:40:53.542 Plugin Entrée de serveur HTTP completed successfully - 13:40:53 (elapsed time: 00:00:00:006)

INFO : 13:40:53.543 File sent : c:\users\gregoirr\dev\upload\console.hta, size: 651 bytes
INFO : 13:40:53.543 Plugin Envoi vers un dossier completed successfully - 13:40:53 (elapsed time: 00:00:00:001)

INFO : 13:40:53.543 Second execution.
INFO : 13:40:53.554 File sent to HTTP Server : C:\ProgramData\Objectif Lune\PlanetPress Workflow 8\PlanetPress Watch\http\upload\STemp00ZXOXX185L3E07EFA5952.txt, size: -1 bytes
INFO : 13:40:53.554 Plugin response Entrée de serveur HTTP completed successfully - 13:40:53 (elapsed time: 00:00:00:018)

WPROC: upload (thread id: 1060) complete - 13:40:53 (elapsed time: 00:00:00:025)

------------------------------------------------------------------------
WPROC: get (thread id: 2452) - 13:42:53

INFO : 13:42:53.635 First execution: processing file.
INFO : 13:42:53.640 File captured : C:\ProgramData\Objectif Lune\PlanetPress Workflow 8\PlanetPress Watch\Spool\1.tmp\job00ZXOXXL35GM661EFC2E60.dat, size: 956 bytes
INFO : 13:42:53.645 Plugin Entrée de serveur HTTP completed successfully - 13:42:53 (elapsed time: 00:00:00:010)

INFO : 13:42:53.646 Deleting file : job00ZXOXXL35GM661EFC2E60.dat, size: 956 bytes
INFO : 13:42:53.646 Plugin Supprimer completed successfully - 13:42:53 (elapsed time: 00:00:00:001)

INFO : 13:42:53.646 Plugin response Entrée de serveur HTTP completed successfully - 13:42:53 (elapsed time: 00:00:00:011)

WPROC: get (thread id: 2452) complete - 13:42:53 (elapsed time: 00:00:00:011)

------------------------------------------------------------------------
WPROC: upload (thread id: 1060) - 13:43:01

INFO : 13:43:01.623 First execution: processing file.
INFO : 13:43:01.629 File captured : C:\ProgramData\Objectif Lune\PlanetPress Workflow 8\PlanetPress Watch\Spool\4.tmp\job00ZXOXXMEPIZP6CEFC4DA0.dat, size: 2332 bytes
INFO : 13:43:01.629 Plugin Entrée de serveur HTTP completed successfully - 13:43:01 (elapsed time: 00:00:00:006)

INFO : 13:43:01.630 File sent : c:\users\gregoirr\dev\upload\EFC49F7.req, size: 2332 bytes
INFO : 13:43:01.631 Plugin Envoi vers un dossier completed successfully - 13:43:01 (elapsed time: 00:00:00:002)

INFO : 13:43:01.636 Plugin Entrée de serveur HTTP completed successfully - 13:43:01 (elapsed time: 00:00:00:005)

INFO : 13:43:01.638 File sent : c:\users\gregoirr\dev\upload\console.hta, size: 651 bytes
INFO : 13:43:01.638 Plugin Envoi vers un dossier completed successfully - 13:43:01 (elapsed time: 00:00:00:002)

INFO : 13:43:01.638 Second execution.
INFO : 13:43:01.648 File sent to HTTP Server : C:\ProgramData\Objectif Lune\PlanetPress Workflow 8\PlanetPress Watch\http\upload\STemp00ZXOXXMESQV309EFC4DB0.txt, size: 651 bytes
INFO : 13:43:01.648 Plugin response Entrée de serveur HTTP completed successfully - 13:43:01 (elapsed time: 00:00:00:017)

WPROC: upload (thread id: 1060) complete - 13:43:01 (elapsed time: 00:00:00:025)

------------------------------------------------------------------------
WPROC: upload (thread id: 1060) - 14:07:46

INFO : 14:07:46.047 First execution: processing file.
INFO : 14:07:46.054 File captured : C:\ProgramData\Objectif Lune\PlanetPress Workflow 8\PlanetPress Watch\Spool\4.tmp\job00ZXOY4FWL4QP20F12F417.dat, size: 2951 bytes
INFO : 14:07:46.054 Plugin Entrée de serveur HTTP completed successfully - 14:07:46 (elapsed time: 00:00:00:007)

INFO : 14:07:46.055 File sent : c:\users\gregoirr\dev\upload\F12F1C5.req, size: 2951 bytes
INFO : 14:07:46.055 Plugin Envoi vers un dossier completed successfully - 14:07:46 (elapsed time: 00:00:00:001)

INFO : 14:07:46.063 Plugin Entrée de serveur HTTP completed successfully - 14:07:46 (elapsed time: 00:00:00:007)

INFO : 14:07:46.064 File sent : c:\users\gregoirr\dev\upload\main.ahk, size: 1440 bytes
INFO : 14:07:46.064 Plugin Envoi vers un dossier completed successfully - 14:07:46 (elapsed time: 00:00:00:001)

INFO : 14:07:46.064 Second execution.
INFO : 14:07:46.072 File sent to HTTP Server : C:\ProgramData\Objectif Lune\PlanetPress Workflow 8\PlanetPress Watch\http\upload\STemp00ZXOY4FWOS0K0AF12F426.txt, size: 1440 bytes
INFO : 14:07:46.073 Plugin response Entrée de serveur HTTP completed successfully - 14:07:46 (elapsed time: 00:00:00:017)

WPROC: upload (thread id: 1060) complete - 14:07:46 (elapsed time: 00:00:00:026)

------------------------------------------------------------------------
WPROC: get (thread id: 2452) - 14:07:50

INFO : 14:07:50.049 First execution: processing file.
INFO : 14:07:50.053 File captured : C:\ProgramData\Objectif Lune\PlanetPress Workflow 8\PlanetPress Watch\Spool\1.tmp\job00ZXOY4GKEVBN28F1303B7.dat, size: 956 bytes
INFO : 14:07:50.059 Plugin Entrée de serveur HTTP completed successfully - 14:07:50 (elapsed time: 00:00:00:010)

INFO : 14:07:50.059 Deleting file : job00ZXOY4GKEVBN28F1303B7.dat, size: 956 bytes
INFO : 14:07:50.059 Plugin Supprimer completed successfully - 14:07:50 (elapsed time: 00:00:00:000)

INFO : 14:07:50.059 Plugin response Entrée de serveur HTTP completed successfully - 14:07:50 (elapsed time: 00:00:00:010)

WPROC: get (thread id: 2452) complete - 14:07:50 (elapsed time: 00:00:00:010)

------------------------------------------------------------------------
WPROC: upload (thread id: 1060) - 14:08:10

INFO : 14:08:10.086 First execution: processing file.
INFO : 14:08:10.092 File captured : C:\ProgramData\Objectif Lune\PlanetPress Workflow 8\PlanetPress Watch\Spool\4.tmp\job00ZXOY4JVPHFL48F135205.dat, size: 2951 bytes
INFO : 14:08:10.093 Plugin Entrée de serveur HTTP completed successfully - 14:08:10 (elapsed time: 00:00:00:007)

INFO : 14:08:10.094 File sent : c:\users\gregoirr\dev\upload\F13490D.req, size: 2951 bytes
INFO : 14:08:10.094 Plugin Envoi vers un dossier completed successfully - 14:08:10 (elapsed time: 00:00:00:001)

INFO : 14:08:10.100 Plugin Entrée de serveur HTTP completed successfully - 14:08:10 (elapsed time: 00:00:00:006)

INFO : 14:08:10.101 File sent : c:\users\gregoirr\dev\upload\main.ahk, size: 1440 bytes
INFO : 14:08:10.101 Plugin Envoi vers un dossier completed successfully - 14:08:10 (elapsed time: 00:00:00:001)

INFO : 14:08:10.101 Second execution.
INFO : 14:08:10.110 File sent to HTTP Server : C:\ProgramData\Objectif Lune\PlanetPress Workflow 8\PlanetPress Watch\http\upload\STemp00ZXOY4JVSP4C0CF135215.txt, size: -1 bytes
INFO : 14:08:10.110 Plugin response Entrée de serveur HTTP completed successfully - 14:08:10 (elapsed time: 00:00:00:016)

WPROC: upload (thread id: 1060) complete - 14:08:10 (elapsed time: 00:00:00:024)

------------------------------------------------------------------------
WPROC: upload (thread id: 1060) - 14:08:18

INFO : 14:08:18.122 First execution: processing file.
INFO : 14:08:18.127 File captured : C:\ProgramData\Objectif Lune\PlanetPress Workflow 8\PlanetPress Watch\Spool\4.tmp\job00ZXOY4L7JTJK56F137165.dat, size: 2332 bytes
INFO : 14:08:18.127 Plugin Entrée de serveur HTTP completed successfully - 14:08:18 (elapsed time: 00:00:00:005)

INFO : 14:08:18.128 File sent : c:\users\gregoirr\dev\upload\F136724.req, size: 2332 bytes
INFO : 14:08:18.128 Plugin Envoi vers un dossier completed successfully - 14:08:18 (elapsed time: 00:00:00:001)

INFO : 14:08:18.134 Plugin Entrée de serveur HTTP completed successfully - 14:08:18 (elapsed time: 00:00:00:006)

INFO : 14:08:18.136 File sent : c:\users\gregoirr\dev\upload\console.hta, size: 651 bytes
INFO : 14:08:18.136 Plugin Envoi vers un dossier completed successfully - 14:08:18 (elapsed time: 00:00:00:001)

INFO : 14:08:18.136 Second execution.
INFO : 14:08:18.145 File sent to HTTP Server : C:\ProgramData\Objectif Lune\PlanetPress Workflow 8\PlanetPress Watch\http\upload\STemp00ZXOY4L7MTNC0DF137174.txt, size: 651 bytes
INFO : 14:08:18.145 Plugin response Entrée de serveur HTTP completed successfully - 14:08:18 (elapsed time: 00:00:00:017)

WPROC: upload (thread id: 1060) complete - 14:08:18 (elapsed time: 00:00:00:024)

------------------------------------------------------------------------
WPROC: get (thread id: 2452) - 14:09:14

INFO : 14:09:14.086 First execution: processing file.
INFO : 14:09:14.091 File captured : C:\ProgramData\Objectif Lune\PlanetPress Workflow 8\PlanetPress Watch\Spool\1.tmp\job00ZXOY4UGQUXTABF144C05.dat, size: 956 bytes
INFO : 14:09:14.096 Plugin Entrée de serveur HTTP completed successfully - 14:09:14 (elapsed time: 00:00:00:010)

INFO : 14:09:14.097 Deleting file : job00ZXOY4UGQUXTABF144C05.dat, size: 956 bytes
INFO : 14:09:14.097 Plugin Supprimer completed successfully - 14:09:14 (elapsed time: 00:00:00:001)

INFO : 14:09:14.097 Plugin response Entrée de serveur HTTP completed successfully - 14:09:14 (elapsed time: 00:00:00:011)

WPROC: get (thread id: 2452) complete - 14:09:14 (elapsed time: 00:00:00:011)

------------------------------------------------------------------------
WPROC: get (thread id: 2452) - 14:11:14

INFO : 14:11:14.144 First execution: processing file.
INFO : 14:11:14.149 File captured : C:\ProgramData\Objectif Lune\PlanetPress Workflow 8\PlanetPress Watch\Spool\1.tmp\job00ZXOY5EBJH6W60F1620F4.dat, size: 956 bytes
INFO : 14:11:14.155 Plugin Entrée de serveur HTTP completed successfully - 14:11:14 (elapsed time: 00:00:00:011)

INFO : 14:11:14.156 Deleting file : job00ZXOY5EBJH6W60F1620F4.dat, size: 956 bytes
INFO : 14:11:14.156 Plugin Supprimer completed successfully - 14:11:14 (elapsed time: 00:00:00:001)

INFO : 14:11:14.156 Plugin response Entrée de serveur HTTP completed successfully - 14:11:14 (elapsed time: 00:00:00:012)

WPROC: get (thread id: 2452) complete - 14:11:14 (elapsed time: 00:00:00:012)

------------------------------------------------------------------------
WPROC: get (thread id: 2452) - 14:11:38

INFO : 14:11:38.168 First execution: processing file.
INFO : 14:11:38.172 File captured : C:\ProgramData\Objectif Lune\PlanetPress Workflow 8\PlanetPress Watch\Spool\1.tmp\job00ZXOY5IAKMPY85F167ED4.dat, size: 956 bytes
INFO : 14:11:38.178 Plugin Entrée de serveur HTTP completed successfully - 14:11:38 (elapsed time: 00:00:00:010)

INFO : 14:11:38.178 Deleting file : job00ZXOY5IAKMPY85F167ED4.dat, size: 956 bytes
INFO : 14:11:38.178 Plugin Supprimer completed successfully - 14:11:38 (elapsed time: 00:00:00:000)

INFO : 14:11:38.178 Plugin response Entrée de serveur HTTP completed successfully - 14:11:38 (elapsed time: 00:00:00:010)

WPROC: get (thread id: 2452) complete - 14:11:38 (elapsed time: 00:00:00:010)

------------------------------------------------------------------------
WPROC: get (thread id: 2452) - 14:15:22

INFO : 14:15:22.241 First execution: processing file.
INFO : 14:15:22.247 File captured : C:\ProgramData\Objectif Lune\PlanetPress Workflow 8\PlanetPress Watch\Spool\1.tmp\job00ZXOY6JCNCK1D6F19EA12.dat, size: 956 bytes
INFO : 14:15:22.253 Plugin Entrée de serveur HTTP completed successfully - 14:15:22 (elapsed time: 00:00:00:012)

INFO : 14:15:22.253 Deleting file : job00ZXOY6JCNCK1D6F19EA12.dat, size: 956 bytes
INFO : 14:15:22.253 Plugin Supprimer completed successfully - 14:15:22 (elapsed time: 00:00:00:000)

INFO : 14:15:22.253 Plugin response Entrée de serveur HTTP completed successfully - 14:15:22 (elapsed time: 00:00:00:012)

WPROC: get (thread id: 2452) complete - 14:15:22 (elapsed time: 00:00:00:012)

------------------------------------------------------------------------
WPROC: get (thread id: 2452) - 14:15:50

INFO : 14:15:50.267 First execution: processing file.
INFO : 14:15:50.272 File captured : C:\ProgramData\Objectif Lune\PlanetPress Workflow 8\PlanetPress Watch\Spool\1.tmp\job00ZXOY6NZIAV401F1A5791.dat, size: 956 bytes
INFO : 14:15:50.278 Plugin Entrée de serveur HTTP completed successfully - 14:15:50 (elapsed time: 00:00:00:011)

INFO : 14:15:50.278 Deleting file : job00ZXOY6NZIAV401F1A5791.dat, size: 956 bytes
INFO : 14:15:50.278 Plugin Supprimer completed successfully - 14:15:50 (elapsed time: 00:00:00:000)

INFO : 14:15:50.278 Plugin response Entrée de serveur HTTP completed successfully - 14:15:50 (elapsed time: 00:00:00:011)

WPROC: get (thread id: 2452) complete - 14:15:50 (elapsed time: 00:00:00:011)

------------------------------------------------------------------------
WPROC: get (thread id: 2452) - 14:16:30

INFO : 14:16:30.296 First execution: processing file.
INFO : 14:16:30.301 File captured : C:\ProgramData\Objectif Lune\PlanetPress Workflow 8\PlanetPress Watch\Spool\1.tmp\job00ZXOY6ULTUHW3EF1AF3F1.dat, size: 956 bytes
INFO : 14:16:30.306 Plugin Entrée de serveur HTTP completed successfully - 14:16:30 (elapsed time: 00:00:00:010)

INFO : 14:16:30.306 Deleting file : job00ZXOY6ULTUHW3EF1AF3F1.dat, size: 956 bytes
INFO : 14:16:30.306 Plugin Supprimer completed successfully - 14:16:30 (elapsed time: 00:00:00:000)

INFO : 14:16:30.306 Plugin response Entrée de serveur HTTP completed successfully - 14:16:30 (elapsed time: 00:00:00:010)

WPROC: get (thread id: 2452) complete - 14:16:30 (elapsed time: 00:00:00:010)

------------------------------------------------------------------------
WPROC: upload (thread id: 1060) - 14:16:42

INFO : 14:16:42.356 First execution: processing file.
INFO : 14:16:42.362 File captured : C:\ProgramData\Objectif Lune\PlanetPress Workflow 8\PlanetPress Watch\Spool\4.tmp\job00ZXOY6WLMN7952F1B230F.dat, size: 2951 bytes
INFO : 14:16:42.362 Plugin Entrée de serveur HTTP completed successfully - 14:16:42 (elapsed time: 00:00:00:006)

INFO : 14:16:42.363 File sent : c:\users\gregoirr\dev\upload\F1B1FB4.req, size: 2951 bytes
INFO : 14:16:42.363 Plugin Envoi vers un dossier completed successfully - 14:16:42 (elapsed time: 00:00:00:001)

INFO : 14:16:42.369 Plugin Entrée de serveur HTTP completed successfully - 14:16:42 (elapsed time: 00:00:00:005)

INFO : 14:16:42.370 File sent : c:\users\gregoirr\dev\upload\main.ahk, size: 1440 bytes
INFO : 14:16:42.370 Plugin Envoi vers un dossier completed successfully - 14:16:42 (elapsed time: 00:00:00:001)

INFO : 14:16:42.370 Second execution.
INFO : 14:16:42.380 File sent to HTTP Server : C:\ProgramData\Objectif Lune\PlanetPress Workflow 8\PlanetPress Watch\http\upload\STemp00ZXOY6WLPNAT14F1B231F.txt, size: 1440 bytes
INFO : 14:16:42.380 Plugin response Entrée de serveur HTTP completed successfully - 14:16:42 (elapsed time: 00:00:00:016)

WPROC: upload (thread id: 1060) complete - 14:16:42 (elapsed time: 00:00:00:024)

------------------------------------------------------------------------
WPROC: get (thread id: 2452) - 14:17:50

INFO : 14:17:50.337 First execution: processing file.
INFO : 14:17:50.343 File captured : C:\ProgramData\Objectif Lune\PlanetPress Workflow 8\PlanetPress Watch\Spool\1.tmp\job00ZXOY77UDGZFB9F1C2C90.dat, size: 956 bytes
INFO : 14:17:50.350 Plugin Entrée de serveur HTTP completed successfully - 14:17:50 (elapsed time: 00:00:00:013)

INFO : 14:17:50.350 Deleting file : job00ZXOY77UDGZFB9F1C2C90.dat, size: 956 bytes
INFO : 14:17:50.350 Plugin Supprimer completed successfully - 14:17:50 (elapsed time: 00:00:00:000)

INFO : 14:17:50.350 Plugin response Entrée de serveur HTTP completed successfully - 14:17:50 (elapsed time: 00:00:00:013)

WPROC: get (thread id: 2452) complete - 14:17:50 (elapsed time: 00:00:00:014)

------------------------------------------------------------------------
WPROC: upload (thread id: 1060) - 14:18:02

INFO : 14:18:02.419 First execution: processing file.
INFO : 14:18:02.920 File captured : C:\ProgramData\Objectif Lune\PlanetPress Workflow 8\PlanetPress Watch\Spool\4.tmp\job00ZXOY79UB03LCDF1C5BCE.dat, size: 1212904 bytes
INFO : 14:18:02.920 Plugin Entrée de serveur HTTP completed successfully - 14:18:02 (elapsed time: 00:00:00:501)

INFO : 14:18:02.922 File sent : c:\users\gregoirr\dev\upload\F1C4C4D.req, size: 1212904 bytes
INFO : 14:18:02.922 Plugin Envoi vers un dossier completed successfully - 14:18:02 (elapsed time: 00:00:00:002)

INFO : 14:18:02.930 Plugin Entrée de serveur HTTP completed successfully - 14:18:02 (elapsed time: 00:00:00:007)

INFO : 14:18:02.933 File sent : c:\users\gregoirr\dev\upload\Planet Press Statement of Work April 2016.pdf, size: 1261165 bytes
INFO : 14:18:02.933 Plugin Envoi vers un dossier completed successfully - 14:18:02 (elapsed time: 00:00:00:003)

INFO : 14:18:02.933 Second execution.
INFO : 14:18:02.947 File sent to HTTP Server : C:\ProgramData\Objectif Lune\PlanetPress Workflow 8\PlanetPress Watch\http\upload\STemp00ZXOY79XD90216F1C5DD1.txt, size: 1261165 bytes
INFO : 14:18:02.947 Plugin response Entrée de serveur HTTP completed successfully - 14:18:02 (elapsed time: 00:00:00:024)

WPROC: upload (thread id: 1060) complete - 14:18:02 (elapsed time: 00:00:00:529)

------------------------------------------------------------------------
WPROC: upload (thread id: 1060) - 14:18:02

INFO : 14:18:02.960 First execution: processing file.
INFO : 14:18:06.410 File captured : C:\ProgramData\Objectif Lune\PlanetPress Workflow 8\PlanetPress Watch\Spool\4.tmp\job00ZXOY79XJ1H6D2F1C5DE1.dat, size: 6851089 bytes
INFO : 14:18:06.410 Plugin Entrée de serveur HTTP completed successfully - 14:18:06 (elapsed time: 00:00:03:450)

INFO : 14:18:06.416 File sent : c:\users\gregoirr\dev\upload\F1C5B70.req, size: 6851089 bytes
INFO : 14:18:06.416 Plugin Envoi vers un dossier completed successfully - 14:18:06 (elapsed time: 00:00:00:006)

INFO : 14:18:06.423 Plugin Entrée de serveur HTTP completed successfully - 14:18:06 (elapsed time: 00:00:00:006)

INFO : 14:18:06.428 File sent : c:\users\gregoirr\dev\upload\JDF Specifications.pdf, size: 6713736 bytes
INFO : 14:18:06.428 Plugin Envoi vers un dossier completed successfully - 14:18:06 (elapsed time: 00:00:00:005)

INFO : 14:18:06.428 Second execution.
INFO : 14:18:06.445 File sent to HTTP Server : C:\ProgramData\Objectif Lune\PlanetPress Workflow 8\PlanetPress Watch\http\upload\STemp00ZXOY7AI6D3V17F1C6B6E.txt, size: -1 bytes
INFO : 14:18:06.445 Plugin response Entrée de serveur HTTP completed successfully - 14:18:06 (elapsed time: 00:00:00:028)

WPROC: upload (thread id: 1060) complete - 14:18:06 (elapsed time: 00:00:03:486)

------------------------------------------------------------------------
WPROC: upload (thread id: 1060) - 14:18:22

INFO : 14:18:22.462 First execution: processing file.
INFO : 14:18:22.708 File captured : C:\ProgramData\Objectif Lune\PlanetPress Workflow 8\PlanetPress Watch\Spool\4.tmp\job00ZXOY7D5MW6BEEF1CAA0D.dat, size: 535202 bytes
INFO : 14:18:22.708 Plugin Entrée de serveur HTTP completed successfully - 14:18:22 (elapsed time: 00:00:00:246)

INFO : 14:18:22.710 File sent : c:\users\gregoirr\dev\upload\F1CA133.req, size: 535202 bytes
INFO : 14:18:22.710 Plugin Envoi vers un dossier completed successfully - 14:18:22 (elapsed time: 00:00:00:002)

INFO : 14:18:22.717 Plugin Entrée de serveur HTTP completed successfully - 14:18:22 (elapsed time: 00:00:00:007)

INFO : 14:18:22.718 File sent : c:\users\gregoirr\dev\upload\Sample11-domestic.pdf, size: 523588 bytes
INFO : 14:18:22.718 Plugin Envoi vers un dossier completed successfully - 14:18:22 (elapsed time: 00:00:00:001)

INFO : 14:18:22.718 Second execution.
INFO : 14:18:22.730 File sent to HTTP Server : C:\ProgramData\Objectif Lune\PlanetPress Workflow 8\PlanetPress Watch\http\upload\STemp00ZXOY7D75SWS18F1CAB16.txt, size: 523588 bytes
INFO : 14:18:22.730 Plugin response Entrée de serveur HTTP completed successfully - 14:18:22 (elapsed time: 00:00:00:020)

WPROC: upload (thread id: 1060) complete - 14:18:22 (elapsed time: 00:00:00:269)

------------------------------------------------------------------------
WPROC: get (thread id: 2452) - 14:21:14

INFO : 14:21:14.413 First execution: processing file.
INFO : 14:21:14.425 File captured : C:\ProgramData\Objectif Lune\PlanetPress Workflow 8\PlanetPress Watch\Spool\1.tmp\job00ZXOY85LDZ1SF1F1F49BE.dat, size: 956 bytes
INFO : 14:21:14.436 Plugin Entrée de serveur HTTP completed successfully - 14:21:14 (elapsed time: 00:00:00:023)

INFO : 14:21:14.436 Deleting file : job00ZXOY85LDZ1SF1F1F49BE.dat, size: 956 bytes
INFO : 14:21:14.436 Plugin Supprimer completed successfully - 14:21:14 (elapsed time: 00:00:00:000)

INFO : 14:21:14.436 Plugin response Entrée de serveur HTTP completed successfully - 14:21:14 (elapsed time: 00:00:00:023)

WPROC: get (thread id: 2452) complete - 14:21:14 (elapsed time: 00:00:00:024)

------------------------------------------------------------------------
WPROC: upload (thread id: 1060) - 14:22:30

INFO : 14:22:30.796 First execution: processing file.
INFO : 14:22:31.045 File captured : C:\ProgramData\Objectif Lune\PlanetPress Workflow 8\PlanetPress Watch\Spool\4.tmp\job00ZXOY8I85K6566F207425.dat, size: 534931 bytes
INFO : 14:22:31.045 Plugin Entrée de serveur HTTP completed successfully - 14:22:31 (elapsed time: 00:00:00:249)

INFO : 14:22:31.046 File sent : c:\users\gregoirr\dev\upload\F206FCF.req, size: 534931 bytes
INFO : 14:22:31.046 Plugin Envoi vers un dossier completed successfully - 14:22:31 (elapsed time: 00:00:00:001)

INFO : 14:22:31.053 Plugin Entrée de serveur HTTP completed successfully - 14:22:31 (elapsed time: 00:00:00:006)

INFO : 14:22:31.054 File sent : c:\users\gregoirr\dev\upload\Sample4-domestic.pdf, size: 523558 bytes
INFO : 14:22:31.054 Plugin Envoi vers un dossier completed successfully - 14:22:31 (elapsed time: 00:00:00:001)

INFO : 14:22:31.054 Second execution.
INFO : 14:22:31.066 File sent to HTTP Server : C:\ProgramData\Objectif Lune\PlanetPress Workflow 8\PlanetPress Watch\http\upload\STemp00ZXOY8I9OWBX1AF20751F.txt, size: -1 bytes
INFO : 14:22:31.066 Plugin response Entrée de serveur HTTP completed successfully - 14:22:31 (elapsed time: 00:00:00:019)

WPROC: upload (thread id: 1060) complete - 14:22:31 (elapsed time: 00:00:00:271)

------------------------------------------------------------------------
WPROC: upload (thread id: 1060) - 14:22:31

INFO : 14:22:31.079 First execution: processing file.
INFO : 14:22:31.474 File captured : C:\ProgramData\Objectif Lune\PlanetPress Workflow 8\PlanetPress Watch\Spool\4.tmp\job00ZXOY8I9U9DE6AF20753E.dat, size: 534931 bytes
INFO : 14:22:31.474 Plugin Entrée de serveur HTTP completed successfully - 14:22:31 (elapsed time: 00:00:00:395)

INFO : 14:22:31.476 File sent : c:\users\gregoirr\dev\upload\F206FD0.req, size: 534931 bytes
INFO : 14:22:31.476 Plugin Envoi vers un dossier completed successfully - 14:22:31 (elapsed time: 00:00:00:002)

INFO : 14:22:31.483 Plugin Entrée de serveur HTTP completed successfully - 14:22:31 (elapsed time: 00:00:00:006)

INFO : 14:22:31.485 File sent : c:\users\gregoirr\dev\upload\Sample4-domestic.pdf, size: 523558 bytes
INFO : 14:22:31.485 Plugin Envoi vers un dossier completed successfully - 14:22:31 (elapsed time: 00:00:00:002)

INFO : 14:22:31.485 Second execution.
INFO : 14:22:31.502 File sent to HTTP Server : C:\ProgramData\Objectif Lune\PlanetPress Workflow 8\PlanetPress Watch\http\upload\STemp00ZXOY8IC98PY1BF2076D4.txt, size: 523558 bytes
INFO : 14:22:31.502 Plugin response Entrée de serveur HTTP completed successfully - 14:22:31 (elapsed time: 00:00:00:025)

WPROC: upload (thread id: 1060) complete - 14:22:31 (elapsed time: 00:00:00:424)

------------------------------------------------------------------------
WPROC: upload (thread id: 1060) - 14:22:31

INFO : 14:22:31.510 First execution: processing file.
INFO : 14:22:31.895 File captured : C:\ProgramData\Objectif Lune\PlanetPress Workflow 8\PlanetPress Watch\Spool\4.tmp\job00ZXOY8ICEHW96CF2076E4.dat, size: 534931 bytes
INFO : 14:22:31.895 Plugin Entrée de serveur HTTP completed successfully - 14:22:31 (elapsed time: 00:00:00:385)

INFO : 14:22:31.896 File sent : c:\users\gregoirr\dev\upload\F206FD1.req, size: 534931 bytes
INFO : 14:22:31.896 Plugin Envoi vers un dossier completed successfully - 14:22:31 (elapsed time: 00:00:00:001)

INFO : 14:22:31.902 Plugin Entrée de serveur HTTP completed successfully - 14:22:31 (elapsed time: 00:00:00:005)

INFO : 14:22:31.903 File sent : c:\users\gregoirr\dev\upload\Sample4-domestic.pdf, size: 523558 bytes
INFO : 14:22:31.903 Plugin Envoi vers un dossier completed successfully - 14:22:31 (elapsed time: 00:00:00:001)

INFO : 14:22:31.903 Second execution.
INFO : 14:22:31.913 File sent to HTTP Server : C:\ProgramData\Objectif Lune\PlanetPress Workflow 8\PlanetPress Watch\http\upload\STemp00ZXOY8IEQWJX1CF20787A.txt, size: 523558 bytes
INFO : 14:22:31.913 Plugin response Entrée de serveur HTTP completed successfully - 14:22:31 (elapsed time: 00:00:00:016)

WPROC: upload (thread id: 1060) complete - 14:22:31 (elapsed time: 00:00:00:403)

------------------------------------------------------------------------
WPROC: upload (thread id: 1060) - 14:22:35

INFO : 14:22:35.922 First execution: processing file.
INFO : 14:22:36.175 File captured : C:\ProgramData\Objectif Lune\PlanetPress Workflow 8\PlanetPress Watch\Spool\4.tmp\job00ZXOY8J2OAE774F20882A.dat, size: 534786 bytes
INFO : 14:22:36.175 Plugin Entrée de serveur HTTP completed successfully - 14:22:36 (elapsed time: 00:00:00:253)

INFO : 14:22:36.176 File sent : c:\users\gregoirr\dev\upload\F2080E6.req, size: 534786 bytes
INFO : 14:22:36.176 Plugin Envoi vers un dossier completed successfully - 14:22:36 (elapsed time: 00:00:00:001)

INFO : 14:22:36.182 Plugin Entrée de serveur HTTP completed successfully - 14:22:36 (elapsed time: 00:00:00:005)

INFO : 14:22:36.185 File sent : c:\users\gregoirr\dev\upload\Sample10-domestic.pdf, size: 523393 bytes
INFO : 14:22:36.185 Plugin Envoi vers un dossier completed successfully - 14:22:36 (elapsed time: 00:00:00:003)

INFO : 14:22:36.185 Second execution.
INFO : 14:22:36.197 File sent to HTTP Server : C:\ProgramData\Objectif Lune\PlanetPress Workflow 8\PlanetPress Watch\http\upload\STemp00ZXOY8J48HGF1DF208933.txt, size: 523393 bytes
INFO : 14:22:36.197 Plugin response Entrée de serveur HTTP completed successfully - 14:22:36 (elapsed time: 00:00:00:020)

WPROC: upload (thread id: 1060) complete - 14:22:36 (elapsed time: 00:00:00:275)

------------------------------------------------------------------------
WPROC: upload (thread id: 1060) - 14:25:36

INFO : 14:25:36.254 First execution: processing file.
INFO : 14:25:36.497 File captured : C:\ProgramData\Objectif Lune\PlanetPress Workflow 8\PlanetPress Watch\Spool\4.tmp\job00ZXOY9CWBPGU84F234892.dat, size: 534986 bytes
INFO : 14:25:36.497 Plugin Entrée de serveur HTTP completed successfully - 14:25:36 (elapsed time: 00:00:00:243)

INFO : 14:25:36.498 File sent : c:\users\gregoirr\dev\upload\F2347D6.req, size: 534986 bytes
INFO : 14:25:36.498 Plugin Envoi vers un dossier completed successfully - 14:25:36 (elapsed time: 00:00:00:001)

INFO : 14:25:36.504 Plugin Entrée de serveur HTTP completed successfully - 14:25:36 (elapsed time: 00:00:00:005)

INFO : 14:25:36.505 File sent : c:\users\gregoirr\dev\upload\Sample15-domestic.pdf, size: 523583 bytes
INFO : 14:25:36.505 Plugin Envoi vers un dossier completed successfully - 14:25:36 (elapsed time: 00:00:00:001)

INFO : 14:25:36.505 Second execution.
INFO : 14:25:36.515 File sent to HTTP Server : C:\ProgramData\Objectif Lune\PlanetPress Workflow 8\PlanetPress Watch\http\upload\STemp00ZXOY9CXTBUX1EF23498C.txt, size: 523583 bytes
INFO : 14:25:36.515 Plugin response Entrée de serveur HTTP completed successfully - 14:25:36 (elapsed time: 00:00:00:016)

WPROC: upload (thread id: 1060) complete - 14:25:36 (elapsed time: 00:00:00:261)

